<?xml version="1.0" encoding="utf-8"?>
<test-run id="0" testcasecount="7" result="Passed" total="7" passed="7" failed="0" inconclusive="0" skipped="0" asserts="24" portable-engine-version="3.3.0.0" start-time="2016-11-10 05:45:25Z" end-time="2016-11-10 05:45:33Z" duration="8.233584">
  <test-suite type="Assembly" id="1012" name="OTP_API, Version=1.0.0.0, Culture=neutral, PublicKeyToken=null" fullname="OTP_API, Version=1.0.0.0, Culture=neutral, PublicKeyToken=null" runstate="Runnable" testcasecount="7" result="Passed" start-time="2016-11-10 05:45:25Z" end-time="2016-11-10 05:45:33Z" duration="8.102202" total="7" passed="7" failed="0" inconclusive="0" skipped="0" asserts="24">
    <settings>
      <setting name="WorkDirectory" value="/Users/mahdi/cs/OTP_API" />
    </settings>
    <test-suite type="TestSuite" id="1013" name="OTP_API" fullname="OTP_API" runstate="Runnable" testcasecount="7" result="Passed" start-time="2016-11-10 05:45:25Z" end-time="2016-11-10 05:45:33Z" duration="8.095212" total="7" passed="7" failed="0" inconclusive="0" skipped="0" asserts="24">
      <test-suite type="TestSuite" id="1014" name="Test" fullname="OTP_API.Test" runstate="Runnable" testcasecount="7" result="Passed" start-time="2016-11-10 05:45:25Z" end-time="2016-11-10 05:45:33Z" duration="8.094918" total="7" passed="7" failed="0" inconclusive="0" skipped="0" asserts="24">
        <test-suite type="TestFixture" id="1000" name="Test" fullname="OTP_API.Test.Test" classname="OTP_API.Test.Test" runstate="Runnable" testcasecount="7" result="Passed" start-time="2016-11-10 05:45:25Z" end-time="2016-11-10 05:45:33Z" duration="8.093097" total="7" passed="7" failed="0" inconclusive="0" skipped="0" asserts="24">
          <test-suite type="ParameterizedMethod" id="1007" name="TestLogin" fullname="OTP_API.Test.Test.TestLogin" classname="OTP_API.Test.Test" runstate="Runnable" testcasecount="2" result="Passed" start-time="2016-11-10 05:45:25Z" end-time="2016-11-10 05:45:25Z" duration="0.048812" total="2" passed="2" failed="0" inconclusive="0" skipped="0" asserts="6">
            <test-case id="1005" name="TestLogin(&quot;mahdi&quot;,&quot;123&quot;)" fullname="OTP_API.Test.Test.TestLogin(&quot;mahdi&quot;,&quot;123&quot;)" methodname="TestLogin" classname="OTP_API.Test.Test" runstate="Runnable" seed="1708807514" result="Passed" start-time="2016-11-10 05:45:25Z" end-time="2016-11-10 05:45:25Z" duration="0.014459" asserts="3" />
            <test-case id="1006" name="TestLogin(&quot;john&quot;,&quot;MDSADKASDSA213312&quot;)" fullname="OTP_API.Test.Test.TestLogin(&quot;john&quot;,&quot;MDSADKASDSA213312&quot;)" methodname="TestLogin" classname="OTP_API.Test.Test" runstate="Runnable" seed="1451804737" result="Passed" start-time="2016-11-10 05:45:25Z" end-time="2016-11-10 05:45:25Z" duration="0.000059" asserts="3" />
          </test-suite>
          <test-suite type="ParameterizedMethod" id="1002" name="TestProcess" fullname="OTP_API.Test.Test.TestProcess" classname="OTP_API.Test.Test" runstate="Runnable" testcasecount="1" result="Passed" start-time="2016-11-10 05:45:25Z" end-time="2016-11-10 05:45:30Z" duration="5.007524" total="1" passed="1" failed="0" inconclusive="0" skipped="0" asserts="7">
            <test-case id="1001" name="TestProcess(&quot;mahdi&quot;,&quot;daniel&quot;)" fullname="OTP_API.Test.Test.TestProcess(&quot;mahdi&quot;,&quot;daniel&quot;)" methodname="TestProcess" classname="OTP_API.Test.Test" runstate="Runnable" seed="76203412" result="Passed" start-time="2016-11-10 05:45:25Z" end-time="2016-11-10 05:45:30Z" duration="5.006835" asserts="7" />
          </test-suite>
          <test-suite type="ParameterizedMethod" id="1011" name="TestRegister" fullname="OTP_API.Test.Test.TestRegister" classname="OTP_API.Test.Test" runstate="Runnable" testcasecount="3" result="Passed" start-time="2016-11-10 05:45:30Z" end-time="2016-11-10 05:45:33Z" duration="3.032426" total="3" passed="3" failed="0" inconclusive="0" skipped="0" asserts="9">
            <test-case id="1008" name="TestRegister(&quot;mahdi&quot;)" fullname="OTP_API.Test.Test.TestRegister(&quot;mahdi&quot;)" methodname="TestRegister" classname="OTP_API.Test.Test" runstate="Runnable" seed="1651864310" result="Passed" start-time="2016-11-10 05:45:30Z" end-time="2016-11-10 05:45:31Z" duration="1.019628" asserts="3" />
            <test-case id="1009" name="TestRegister(&quot;michael&quot;)" fullname="OTP_API.Test.Test.TestRegister(&quot;michael&quot;)" methodname="TestRegister" classname="OTP_API.Test.Test" runstate="Runnable" seed="829718186" result="Passed" start-time="2016-11-10 05:45:31Z" end-time="2016-11-10 05:45:32Z" duration="1.005418" asserts="3" />
            <test-case id="1010" name="TestRegister(&quot;12345&quot;)" fullname="OTP_API.Test.Test.TestRegister(&quot;12345&quot;)" methodname="TestRegister" classname="OTP_API.Test.Test" runstate="Runnable" seed="2053570005" result="Passed" start-time="2016-11-10 05:45:32Z" end-time="2016-11-10 05:45:33Z" duration="1.005427" asserts="3" />
          </test-suite>
          <test-suite type="ParameterizedMethod" id="1004" name="TestStorage" fullname="OTP_API.Test.Test.TestStorage" classname="OTP_API.Test.Test" runstate="Runnable" testcasecount="1" result="Passed" start-time="2016-11-10 05:45:33Z" end-time="2016-11-10 05:45:33Z" duration="0.000995" total="1" passed="1" failed="0" inconclusive="0" skipped="0" asserts="2">
            <test-case id="1003" name="TestStorage()" fullname="OTP_API.Test.Test.TestStorage()" methodname="TestStorage" classname="OTP_API.Test.Test" runstate="Runnable" seed="435732498" result="Passed" start-time="2016-11-10 05:45:33Z" end-time="2016-11-10 05:45:33Z" duration="0.000408" asserts="2" />
          </test-suite>
        </test-suite>
      </test-suite>
    </test-suite>
  </test-suite>
</test-run>