<?xml version="1.0" encoding="utf-8"?>
<test-run id="0" testcasecount="7" result="Passed" total="7" passed="7" failed="0" inconclusive="0" skipped="0" asserts="24" portable-engine-version="3.3.0.0" start-time="2016-11-10 04:17:51Z" end-time="2016-11-10 04:17:59Z" duration="8.236552">
  <test-suite type="Assembly" id="1012" name="OTP_API, Version=1.0.0.0, Culture=neutral, PublicKeyToken=null" fullname="OTP_API, Version=1.0.0.0, Culture=neutral, PublicKeyToken=null" runstate="Runnable" testcasecount="7" result="Passed" start-time="2016-11-10 04:17:51Z" end-time="2016-11-10 04:17:59Z" duration="8.102319" total="7" passed="7" failed="0" inconclusive="0" skipped="0" asserts="24">
    <settings>
      <setting name="WorkDirectory" value="/Users/mahdi/cs/OTP_API" />
    </settings>
    <test-suite type="TestSuite" id="1013" name="OTP_API" fullname="OTP_API" runstate="Runnable" testcasecount="7" result="Passed" start-time="2016-11-10 04:17:51Z" end-time="2016-11-10 04:17:59Z" duration="8.094749" total="7" passed="7" failed="0" inconclusive="0" skipped="0" asserts="24">
      <test-suite type="TestSuite" id="1014" name="Test" fullname="OTP_API.Test" runstate="Runnable" testcasecount="7" result="Passed" start-time="2016-11-10 04:17:51Z" end-time="2016-11-10 04:17:59Z" duration="8.094426" total="7" passed="7" failed="0" inconclusive="0" skipped="0" asserts="24">
        <test-suite type="TestFixture" id="1000" name="Test" fullname="OTP_API.Test.Test" classname="OTP_API.Test.Test" runstate="Runnable" testcasecount="7" result="Passed" start-time="2016-11-10 04:17:51Z" end-time="2016-11-10 04:17:59Z" duration="8.091852" total="7" passed="7" failed="0" inconclusive="0" skipped="0" asserts="24">
          <test-suite type="ParameterizedMethod" id="1007" name="TestLogin" fullname="OTP_API.Test.Test.TestLogin" classname="OTP_API.Test.Test" runstate="Runnable" testcasecount="2" result="Passed" start-time="2016-11-10 04:17:51Z" end-time="2016-11-10 04:17:51Z" duration="0.050162" total="2" passed="2" failed="0" inconclusive="0" skipped="0" asserts="6">
            <test-case id="1005" name="TestLogin(&quot;mahdi&quot;,&quot;123&quot;)" fullname="OTP_API.Test.Test.TestLogin(&quot;mahdi&quot;,&quot;123&quot;)" methodname="TestLogin" classname="OTP_API.Test.Test" runstate="Runnable" seed="1054825956" result="Passed" start-time="2016-11-10 04:17:51Z" end-time="2016-11-10 04:17:51Z" duration="0.014861" asserts="3" />
            <test-case id="1006" name="TestLogin(&quot;john&quot;,&quot;MDSADKASDSA213312&quot;)" fullname="OTP_API.Test.Test.TestLogin(&quot;john&quot;,&quot;MDSADKASDSA213312&quot;)" methodname="TestLogin" classname="OTP_API.Test.Test" runstate="Runnable" seed="1321728811" result="Passed" start-time="2016-11-10 04:17:51Z" end-time="2016-11-10 04:17:51Z" duration="0.000065" asserts="3" />
          </test-suite>
          <test-suite type="ParameterizedMethod" id="1002" name="TestProcess" fullname="OTP_API.Test.Test.TestProcess" classname="OTP_API.Test.Test" runstate="Runnable" testcasecount="1" result="Passed" start-time="2016-11-10 04:17:51Z" end-time="2016-11-10 04:17:56Z" duration="5.006464" total="1" passed="1" failed="0" inconclusive="0" skipped="0" asserts="7">
            <test-case id="1001" name="TestProcess(&quot;mahdi&quot;,&quot;daniel&quot;)" fullname="OTP_API.Test.Test.TestProcess(&quot;mahdi&quot;,&quot;daniel&quot;)" methodname="TestProcess" classname="OTP_API.Test.Test" runstate="Runnable" seed="1249903644" result="Passed" start-time="2016-11-10 04:17:51Z" end-time="2016-11-10 04:17:56Z" duration="5.005763" asserts="7" />
          </test-suite>
          <test-suite type="ParameterizedMethod" id="1011" name="TestRegister" fullname="OTP_API.Test.Test.TestRegister" classname="OTP_API.Test.Test" runstate="Runnable" testcasecount="3" result="Passed" start-time="2016-11-10 04:17:56Z" end-time="2016-11-10 04:17:59Z" duration="3.030270" total="3" passed="3" failed="0" inconclusive="0" skipped="0" asserts="9">
            <test-case id="1008" name="TestRegister(&quot;mahdi&quot;)" fullname="OTP_API.Test.Test.TestRegister(&quot;mahdi&quot;)" methodname="TestRegister" classname="OTP_API.Test.Test" runstate="Runnable" seed="535734435" result="Passed" start-time="2016-11-10 04:17:56Z" end-time="2016-11-10 04:17:57Z" duration="1.017565" asserts="3" />
            <test-case id="1009" name="TestRegister(&quot;michael&quot;)" fullname="OTP_API.Test.Test.TestRegister(&quot;michael&quot;)" methodname="TestRegister" classname="OTP_API.Test.Test" runstate="Runnable" seed="1166083087" result="Passed" start-time="2016-11-10 04:17:57Z" end-time="2016-11-10 04:17:58Z" duration="1.005404" asserts="3" />
            <test-case id="1010" name="TestRegister(&quot;12345&quot;)" fullname="OTP_API.Test.Test.TestRegister(&quot;12345&quot;)" methodname="TestRegister" classname="OTP_API.Test.Test" runstate="Runnable" seed="1009051272" result="Passed" start-time="2016-11-10 04:17:58Z" end-time="2016-11-10 04:17:59Z" duration="1.005381" asserts="3" />
          </test-suite>
          <test-suite type="ParameterizedMethod" id="1004" name="TestStorage" fullname="OTP_API.Test.Test.TestStorage" classname="OTP_API.Test.Test" runstate="Runnable" testcasecount="1" result="Passed" start-time="2016-11-10 04:17:59Z" end-time="2016-11-10 04:17:59Z" duration="0.000993" total="1" passed="1" failed="0" inconclusive="0" skipped="0" asserts="2">
            <test-case id="1003" name="TestStorage()" fullname="OTP_API.Test.Test.TestStorage()" methodname="TestStorage" classname="OTP_API.Test.Test" runstate="Runnable" seed="602912699" result="Passed" start-time="2016-11-10 04:17:59Z" end-time="2016-11-10 04:17:59Z" duration="0.000410" asserts="2" />
          </test-suite>
        </test-suite>
      </test-suite>
    </test-suite>
  </test-suite>
</test-run>