<?xml version="1.0" encoding="utf-8"?>
<test-run id="0" testcasecount="9" result="Passed" total="9" passed="9" failed="0" inconclusive="0" skipped="0" asserts="20" portable-engine-version="3.3.0.0" start-time="2016-11-10 03:42:42Z" end-time="2016-11-10 03:42:46Z" duration="3.371751">
  <test-suite type="Assembly" id="1014" name="OTP_API, Version=1.0.0.0, Culture=neutral, PublicKeyToken=null" fullname="OTP_API, Version=1.0.0.0, Culture=neutral, PublicKeyToken=null" runstate="Runnable" testcasecount="9" result="Passed" start-time="2016-11-10 03:42:43Z" end-time="2016-11-10 03:42:46Z" duration="3.149438" total="9" passed="9" failed="0" inconclusive="0" skipped="0" asserts="20">
    <settings>
      <setting name="WorkDirectory" value="/Users/mahdi/cs/OTP_API" />
    </settings>
    <test-suite type="TestSuite" id="1015" name="OTP_API" fullname="OTP_API" runstate="Runnable" testcasecount="9" result="Passed" start-time="2016-11-10 03:42:43Z" end-time="2016-11-10 03:42:46Z" duration="3.135784" total="9" passed="9" failed="0" inconclusive="0" skipped="0" asserts="20">
      <test-suite type="TestSuite" id="1016" name="Test" fullname="OTP_API.Test" runstate="Runnable" testcasecount="9" result="Passed" start-time="2016-11-10 03:42:43Z" end-time="2016-11-10 03:42:46Z" duration="3.135381" total="9" passed="9" failed="0" inconclusive="0" skipped="0" asserts="20">
        <test-suite type="TestFixture" id="1000" name="OTPTest" fullname="OTP_API.Test.OTPTest" classname="OTP_API.Test.OTPTest" runstate="Runnable" testcasecount="9" result="Passed" start-time="2016-11-10 03:42:43Z" end-time="2016-11-10 03:42:46Z" duration="3.132021" total="9" passed="9" failed="0" inconclusive="0" skipped="0" asserts="20">
          <test-suite type="ParameterizedMethod" id="1009" name="TestLogin" fullname="OTP_API.Test.OTPTest.TestLogin" classname="OTP_API.Test.OTPTest" runstate="Runnable" testcasecount="2" result="Passed" start-time="2016-11-10 03:42:43Z" end-time="2016-11-10 03:42:43Z" duration="0.084755" total="2" passed="2" failed="0" inconclusive="0" skipped="0" asserts="6">
            <test-case id="1007" name="TestLogin(&quot;mahdi&quot;,&quot;123&quot;)" fullname="OTP_API.Test.OTPTest.TestLogin(&quot;mahdi&quot;,&quot;123&quot;)" methodname="TestLogin" classname="OTP_API.Test.OTPTest" runstate="Runnable" seed="1853161875" result="Passed" start-time="2016-11-10 03:42:43Z" end-time="2016-11-10 03:42:43Z" duration="0.022405" asserts="3" />
            <test-case id="1008" name="TestLogin(&quot;john&quot;,&quot;MDSADKASDSA213312&quot;)" fullname="OTP_API.Test.OTPTest.TestLogin(&quot;john&quot;,&quot;MDSADKASDSA213312&quot;)" methodname="TestLogin" classname="OTP_API.Test.OTPTest" runstate="Runnable" seed="1006941610" result="Passed" start-time="2016-11-10 03:42:43Z" end-time="2016-11-10 03:42:43Z" duration="0.000105" asserts="3" />
          </test-suite>
          <test-suite type="ParameterizedMethod" id="1004" name="TestProcess" fullname="OTP_API.Test.OTPTest.TestProcess" classname="OTP_API.Test.OTPTest" runstate="Runnable" testcasecount="3" result="Passed" start-time="2016-11-10 03:42:43Z" end-time="2016-11-10 03:42:43Z" duration="0.003848" total="3" passed="3" failed="0" inconclusive="0" skipped="0" asserts="3">
            <test-case id="1001" name="TestProcess(&quot;mahdi&quot;)" fullname="OTP_API.Test.OTPTest.TestProcess(&quot;mahdi&quot;)" methodname="TestProcess" classname="OTP_API.Test.OTPTest" runstate="Runnable" seed="578174179" result="Passed" start-time="2016-11-10 03:42:43Z" end-time="2016-11-10 03:42:43Z" duration="0.001975" asserts="1" />
            <test-case id="1002" name="TestProcess(&quot;daniel&quot;)" fullname="OTP_API.Test.OTPTest.TestProcess(&quot;daniel&quot;)" methodname="TestProcess" classname="OTP_API.Test.OTPTest" runstate="Runnable" seed="1484468844" result="Passed" start-time="2016-11-10 03:42:43Z" end-time="2016-11-10 03:42:43Z" duration="0.000116" asserts="1" />
            <test-case id="1003" name="TestProcess(&quot;john&quot;)" fullname="OTP_API.Test.OTPTest.TestProcess(&quot;john&quot;)" methodname="TestProcess" classname="OTP_API.Test.OTPTest" runstate="Runnable" seed="1620314352" result="Passed" start-time="2016-11-10 03:42:43Z" end-time="2016-11-10 03:42:43Z" duration="0.000076" asserts="1" />
          </test-suite>
          <test-suite type="ParameterizedMethod" id="1013" name="TestRegister" fullname="OTP_API.Test.OTPTest.TestRegister" classname="OTP_API.Test.OTPTest" runstate="Runnable" testcasecount="3" result="Passed" start-time="2016-11-10 03:42:43Z" end-time="2016-11-10 03:42:46Z" duration="3.036829" total="3" passed="3" failed="0" inconclusive="0" skipped="0" asserts="9">
            <test-case id="1010" name="TestRegister(&quot;mahdi&quot;)" fullname="OTP_API.Test.OTPTest.TestRegister(&quot;mahdi&quot;)" methodname="TestRegister" classname="OTP_API.Test.OTPTest" runstate="Runnable" seed="2076289004" result="Passed" start-time="2016-11-10 03:42:43Z" end-time="2016-11-10 03:42:44Z" duration="1.023835" asserts="3" />
            <test-case id="1011" name="TestRegister(&quot;michael&quot;)" fullname="OTP_API.Test.OTPTest.TestRegister(&quot;michael&quot;)" methodname="TestRegister" classname="OTP_API.Test.OTPTest" runstate="Runnable" seed="1480518241" result="Passed" start-time="2016-11-10 03:42:44Z" end-time="2016-11-10 03:42:45Z" duration="1.005450" asserts="3" />
            <test-case id="1012" name="TestRegister(&quot;12345&quot;)" fullname="OTP_API.Test.OTPTest.TestRegister(&quot;12345&quot;)" methodname="TestRegister" classname="OTP_API.Test.OTPTest" runstate="Runnable" seed="2055116939" result="Passed" start-time="2016-11-10 03:42:45Z" end-time="2016-11-10 03:42:46Z" duration="1.005385" asserts="3" />
          </test-suite>
          <test-suite type="ParameterizedMethod" id="1006" name="TestStorage" fullname="OTP_API.Test.OTPTest.TestStorage" classname="OTP_API.Test.OTPTest" runstate="Runnable" testcasecount="1" result="Passed" start-time="2016-11-10 03:42:46Z" end-time="2016-11-10 03:42:46Z" duration="0.001000" total="1" passed="1" failed="0" inconclusive="0" skipped="0" asserts="2">
            <test-case id="1005" name="TestStorage()" fullname="OTP_API.Test.OTPTest.TestStorage()" methodname="TestStorage" classname="OTP_API.Test.OTPTest" runstate="Runnable" seed="1182392187" result="Passed" start-time="2016-11-10 03:42:46Z" end-time="2016-11-10 03:42:46Z" duration="0.000407" asserts="2" />
          </test-suite>
        </test-suite>
      </test-suite>
    </test-suite>
  </test-suite>
</test-run>