<?xml version="1.0" encoding="utf-8"?>
<test-run id="0" testcasecount="1" result="Passed" total="1" passed="1" failed="0" inconclusive="0" skipped="0" asserts="1" portable-engine-version="3.3.0.0" start-time="2016-11-10 03:14:31Z" end-time="2016-11-10 03:14:31Z" duration="0.175788">
  <test-suite type="Assembly" id="1003" name="OTP_API, Version=1.0.0.0, Culture=neutral, PublicKeyToken=null" fullname="OTP_API, Version=1.0.0.0, Culture=neutral, PublicKeyToken=null" runstate="Runnable" testcasecount="1" result="Passed" start-time="2016-11-10 03:14:31Z" end-time="2016-11-10 03:14:31Z" duration="0.053969" total="1" passed="1" failed="0" inconclusive="0" skipped="0" asserts="1">
    <settings>
      <setting name="WorkDirectory" value="/Users/mahdi/cs/OTP_API" />
    </settings>
    <test-suite type="TestSuite" id="1004" name="OTP_API" fullname="OTP_API" runstate="Runnable" testcasecount="1" result="Passed" start-time="2016-11-10 03:14:31Z" end-time="2016-11-10 03:14:31Z" duration="0.047062" total="1" passed="1" failed="0" inconclusive="0" skipped="0" asserts="1">
      <test-suite type="TestSuite" id="1005" name="Test" fullname="OTP_API.Test" runstate="Runnable" testcasecount="1" result="Passed" start-time="2016-11-10 03:14:31Z" end-time="2016-11-10 03:14:31Z" duration="0.046850" total="1" passed="1" failed="0" inconclusive="0" skipped="0" asserts="1">
        <test-suite type="TestFixture" id="1000" name="OTPTest" fullname="OTP_API.Test.OTPTest" classname="OTP_API.Test.OTPTest" runstate="Runnable" testcasecount="1" result="Passed" start-time="2016-11-10 03:14:31Z" end-time="2016-11-10 03:14:31Z" duration="0.045154" total="1" passed="1" failed="0" inconclusive="0" skipped="0" asserts="1">
          <test-suite type="ParameterizedMethod" id="1002" name="TestProcess" fullname="OTP_API.Test.OTPTest.TestProcess" classname="OTP_API.Test.OTPTest" runstate="Runnable" testcasecount="1" result="Passed" start-time="2016-11-10 03:14:31Z" end-time="2016-11-10 03:14:31Z" duration="0.042794" total="1" passed="1" failed="0" inconclusive="0" skipped="0" asserts="1">
            <test-case id="1001" name="TestProcess(&quot;mahdi&quot;)" fullname="OTP_API.Test.OTPTest.TestProcess(&quot;mahdi&quot;)" methodname="TestProcess" classname="OTP_API.Test.OTPTest" runstate="Runnable" seed="1440451984" result="Passed" start-time="2016-11-10 03:14:31Z" end-time="2016-11-10 03:14:31Z" duration="0.010389" asserts="1" />
          </test-suite>
        </test-suite>
      </test-suite>
    </test-suite>
  </test-suite>
</test-run>